# JRE version: OpenJDK Runtime Environment (21.0.7) (build 21.0.7+-13880790-b1038.58)
# Java VM: OpenJDK 64-Bit Server VM (21.0.7+-13880790-b1038.58, mixed mode, tiered, compressed oops, compressed class ptrs, g1 gc, windows-amd64)
GC Precious Log:
 CardTable entry size: 512
 Card Set container configuration: InlinePtr #cards 5 size 8 Array Of Cards #cards 12 size 40 Howl #buckets 4 coarsen threshold 1843 Howl Bitmap #cards 512 size 80 coarsen threshold 460 Card regions per heap region 1 cards per card region 2048
 CPUs: 8 total, 8 available
 Memory: 7971M
 Large Page Support: Disabled
 NUMA Support: Disabled
 Compressed Oops: Enabled (32-bit)
 Heap Region Size: 1M
 Heap Min Capacity: 8M
 Heap Initial Capacity: 126M
 Heap Max Capacity: 2G
 Pre-touch: Disabled
 Parallel Workers: 8
 Concurrent Workers: 2
 Concurrent Refinement Workers: 8
 Periodic GC: Disabled
Heap:
 garbage-first heap   total 360448K, used 355140K [0x0000000080000000, 0x0000000100000000)
  region size 1024K, 16 young (16384K), 1 survivors (1024K)
 Metaspace       used 128028K, committed 130496K, reserved 1179648K
  class space    used 17718K, committed 18944K, reserved 1048576K
GC Heap History (20 events):
Event: 28.343 GC heap before
{Heap before GC invocations=50 (full 0):
 garbage-first heap   total 176128K, used 158149K [0x0000000080000000, 0x0000000100000000)
  region size 1024K, 46 young (47104K), 7 survivors (7168K)
 Metaspace       used 117657K, committed 119936K, reserved 1179648K
  class space    used 16378K, committed 17472K, reserved 1048576K
}
Event: 28.350 GC heap after
{Heap after GC invocations=51 (full 0):
 garbage-first heap   total 176128K, used 122712K [0x0000000080000000, 0x0000000100000000)
  region size 1024K, 4 young (4096K), 4 survivors (4096K)
 Metaspace       used 117657K, committed 119936K, reserved 1179648K
  class space    used 16378K, committed 17472K, reserved 1048576K
}
Event: 28.563 GC heap before
{Heap before GC invocations=52 (full 0):
 garbage-first heap   total 206848K, used 158552K [0x0000000080000000, 0x0000000100000000)
  region size 1024K, 40 young (40960K), 4 survivors (4096K)
 Metaspace       used 117665K, committed 119936K, reserved 1179648K
  class space    used 16378K, committed 17472K, reserved 1048576K
}
Event: 28.566 GC heap after
{Heap after GC invocations=53 (full 0):
 garbage-first heap   total 206848K, used 123626K [0x0000000080000000, 0x0000000100000000)
  region size 1024K, 4 young (4096K), 4 survivors (4096K)
 Metaspace       used 117665K, committed 119936K, reserved 1179648K
  class space    used 16378K, committed 17472K, reserved 1048576K
}
Event: 29.218 GC heap before
{Heap before GC invocations=53 (full 0):
 garbage-first heap   total 206848K, used 186090K [0x0000000080000000, 0x0000000100000000)
  region size 1024K, 66 young (67584K), 4 survivors (4096K)
 Metaspace       used 118209K, committed 120448K, reserved 1179648K
  class space    used 16479K, committed 17600K, reserved 1048576K
}
Event: 29.223 GC heap after
{Heap after GC invocations=54 (full 0):
 garbage-first heap   total 206848K, used 124090K [0x0000000080000000, 0x0000000100000000)
  region size 1024K, 6 young (6144K), 6 survivors (6144K)
 Metaspace       used 118209K, committed 120448K, reserved 1179648K
  class space    used 16479K, committed 17600K, reserved 1048576K
}
Event: 29.700 GC heap before
{Heap before GC invocations=54 (full 0):
 garbage-first heap   total 206848K, used 188602K [0x0000000080000000, 0x0000000100000000)
  region size 1024K, 69 young (70656K), 6 survivors (6144K)
 Metaspace       used 118479K, committed 120768K, reserved 1179648K
  class space    used 16513K, committed 17600K, reserved 1048576K
}
Event: 29.705 GC heap after
{Heap after GC invocations=55 (full 0):
 garbage-first heap   total 206848K, used 126972K [0x0000000080000000, 0x0000000100000000)
  region size 1024K, 5 young (5120K), 5 survivors (5120K)
 Metaspace       used 118479K, committed 120768K, reserved 1179648K
  class space    used 16513K, committed 17600K, reserved 1048576K
}
Event: 30.320 GC heap before
{Heap before GC invocations=56 (full 0):
 garbage-first heap   total 211968K, used 189436K [0x0000000080000000, 0x0000000100000000)
  region size 1024K, 67 young (68608K), 5 survivors (5120K)
 Metaspace       used 119649K, committed 121920K, reserved 1179648K
  class space    used 16683K, committed 17792K, reserved 1048576K
}
Event: 30.325 GC heap after
{Heap after GC invocations=57 (full 0):
 garbage-first heap   total 211968K, used 129140K [0x0000000080000000, 0x0000000100000000)
  region size 1024K, 8 young (8192K), 8 survivors (8192K)
 Metaspace       used 119649K, committed 121920K, reserved 1179648K
  class space    used 16683K, committed 17792K, reserved 1048576K
}
Event: 30.856 GC heap before
{Heap before GC invocations=57 (full 0):
 garbage-first heap   total 211968K, used 190580K [0x0000000080000000, 0x0000000100000000)
  region size 1024K, 69 young (70656K), 8 survivors (8192K)
 Metaspace       used 122474K, committed 124800K, reserved 1179648K
  class space    used 17030K, committed 18176K, reserved 1048576K
}
Event: 30.864 GC heap after
{Heap after GC invocations=58 (full 0):
 garbage-first heap   total 211968K, used 131216K [0x0000000080000000, 0x0000000100000000)
  region size 1024K, 8 young (8192K), 8 survivors (8192K)
 Metaspace       used 122474K, committed 124800K, reserved 1179648K
  class space    used 17030K, committed 18176K, reserved 1048576K
}
Event: 31.075 GC heap before
{Heap before GC invocations=58 (full 0):
 garbage-first heap   total 211968K, used 190608K [0x0000000080000000, 0x0000000100000000)
  region size 1024K, 67 young (68608K), 8 survivors (8192K)
 Metaspace       used 122531K, committed 124864K, reserved 1179648K
  class space    used 17038K, committed 18176K, reserved 1048576K
}
Event: 31.083 GC heap after
{Heap after GC invocations=59 (full 0):
 garbage-first heap   total 254976K, used 132885K [0x0000000080000000, 0x0000000100000000)
  region size 1024K, 4 young (4096K), 4 survivors (4096K)
 Metaspace       used 122531K, committed 124864K, reserved 1179648K
  class space    used 17038K, committed 18176K, reserved 1048576K
}
Event: 31.791 GC heap before
{Heap before GC invocations=60 (full 0):
 garbage-first heap   total 261120K, used 259861K [0x0000000080000000, 0x0000000100000000)
  region size 1024K, 64 young (65536K), 4 survivors (4096K)
 Metaspace       used 124545K, committed 126912K, reserved 1179648K
  class space    used 17212K, committed 18368K, reserved 1048576K
}
Event: 31.798 GC heap after
{Heap after GC invocations=61 (full 0):
 garbage-first heap   total 276480K, used 204913K [0x0000000080000000, 0x0000000100000000)
  region size 1024K, 13 young (13312K), 13 survivors (13312K)
 Metaspace       used 124545K, committed 126912K, reserved 1179648K
  class space    used 17212K, committed 18368K, reserved 1048576K
}
Event: 32.389 GC heap before
{Heap before GC invocations=61 (full 0):
 garbage-first heap   total 276480K, used 274545K [0x0000000080000000, 0x0000000100000000)
  region size 1024K, 50 young (51200K), 13 survivors (13312K)
 Metaspace       used 128022K, committed 130496K, reserved 1179648K
  class space    used 17718K, committed 18944K, reserved 1048576K
}
Event: 32.400 GC heap after
{Heap after GC invocations=62 (full 0):
 garbage-first heap   total 300032K, used 233591K [0x0000000080000000, 0x0000000100000000)
  region size 1024K, 7 young (7168K), 7 survivors (7168K)
 Metaspace       used 128022K, committed 130496K, reserved 1179648K
  class space    used 17718K, committed 18944K, reserved 1048576K
}
Event: 32.401 GC heap before
{Heap before GC invocations=62 (full 0):
 garbage-first heap   total 300032K, used 233591K [0x0000000080000000, 0x0000000100000000)
  region size 1024K, 8 young (8192K), 7 survivors (7168K)
 Metaspace       used 128027K, committed 130496K, reserved 1179648K
  class space    used 17718K, committed 18944K, reserved 1048576K
}
Event: 32.404 GC heap after
{Heap after GC invocations=63 (full 0):
 garbage-first heap   total 300032K, used 234308K [0x0000000080000000, 0x0000000100000000)
  region size 1024K, 1 young (1024K), 1 survivors (1024K)
 Metaspace       used 128027K, committed 130496K, reserved 1179648K
  class space    used 17718K, committed 18944K, reserved 1048576K
}

